<?xml version="1.0" encoding="UTF-8"?>
<!-- Generated by org.testng.reporters.JUnitReportReporter -->
<testsuite hostname="LAPTOP-ALDS8I6G" failures="0" tests="5" name="Runner.Runnerclass" time="42.048" errors="0" timestamp="2025-07-02T11:23:32 IST" skipped="0">
  <testcase classname="Runner.Runnerclass" name="runScenario" time="10.363"/>
  <testcase classname="Runner.Runnerclass" name="runScenario" time="5.441"/>
  <testcase classname="Runner.Runnerclass" name="runScenario" time="9.324"/>
  <testcase classname="Runner.Runnerclass" name="runScenario" time="6.023"/>
  <testcase classname="Runner.Runnerclass" name="runScenario" time="10.897"/>
</testsuite> <!-- Runner.Runnerclass -->
